-----------------
09/17/13 21:12:06 udp 10.129.0.12.62854 -> 10.20.0.21.161 (snmp)
[version 1]
public

-----------------
09/17/13 21:12:07 udp 10.136.15.194.1027 -> 10.100.136.136.161 (snmp)
[version 1]
public

-----------------
09/17/13 21:12:08 udp 10.129.0.12.62854 -> 10.20.0.211.161 (snmp)
[version 2]
public

-----------------
09/17/13 21:12:08 udp 10.129.0.12.62854 -> 10.20.0.211.161 (snmp)
[version 2]
public

-----------------
09/17/13 21:12:08 udp 10.129.0.12.62854 -> 10.20.0.211.161 (snmp)
[version 2]
public

-----------------
09/17/13 21:12:08 udp 10.129.0.12.62854 -> 10.20.0.211.161 (snmp)
[version 2]
public

-----------------
09/17/13 21:12:08 udp 10.129.0.12.62854 -> 10.20.0.11.161 (snmp)
[version 2]
public

-----------------
09/17/13 21:12:10 udp 10.129.0.12.62854 -> 10.20.0.21.161 (snmp)
[version 1]
public

-----------------
09/17/13 21:12:10 udp 10.129.0.12.62854 -> 10.20.0.21.161 (snmp)
[version 1]
public

-----------------
09/17/13 21:12:10 udp 10.129.0.12.62854 -> 10.20.0.21.161 (snmp)
[version 1]
public

-----------------
09/17/13 21:12:10 udp 10.129.0.12.62854 -> 10.20.0.21.161 (snmp)
[version 1]
public

-----------------
09/17/13 21:12:11 tcp 10.122.15.146.54630 -> arikanda.general.services.metu.edu.tr.110 (pop)
USER e129286
PASS 4.Ekkama

-----------------
09/17/13 21:12:13 udp 10.136.15.194.1027 -> 10.100.136.136.161 (snmp)
[version 1]
public

-----------------
09/17/13 21:12:13 udp 10.129.0.12.62854 -> 10.20.0.21.161 (snmp)
[version 1]
public

-----------------
09/17/13 21:12:14 udp 10.129.0.12.62854 -> 10.20.0.21.161 (snmp)
[version 1]
public

-----------------
09/17/13 21:12:14 udp 10.129.0.12.62854 -> 10.20.0.21.161 (snmp)
[version 1]
public

-----------------
09/17/13 21:12:14 tcp 10.156.15.241.13247 -> 200.60.17.1.23 (telnet)
cisco
    185 chris10
cisco
    185 chelita

-----------------
09/17/13 21:12:14 udp 10.129.0.12.62854 -> 10.20.0.21.161 (snmp)
[version 1]
public

-----------------
09/17/13 21:12:14 udp 10.129.0.229.65196 -> 10.20.0.102.161 (snmp)
[version 1]
public

-----------------
09/17/13 21:12:15 tcp 10.2.0.175.46669 -> 173.194.8.238.80 (http)
GET /videoplayback?sver=3&itag=44&ratebypass=yes&source=youtube&ms=au&fexp=927830%2C924608%2C913427%2C919355%2C916807%2C914030%2C916611%2C909546%2C906397%2C929117%2C929121%2C929906%2C929907%2C925720%2C925722%2C925718%2C925714%2C929917%2C929919%2C912521%2C904830%2C919373%2C904122%2C911423%2C909549%2C900816%2C936301%2C912711&mv=m&key=yt1&cp=U0hWSlRUUV9GSkNONl9MTlVJOmNkRVZkN2twS1VN&upn=o1-7goEk1kk&id=7293bfba1f0f75a5&mt=1375470894&ipbits=8&expire=1375493810&ip=216.222.83.66&sparams=cp%2Cid%2Cip%2Cipbits%2Citag%2Cratebypass%2Csource%2Cupn%2Cexpire&cpn=66-PAg5A0X59KK0K&signature=B2AF2C08A029DAD95D796DA051EB560ACE393E67.6508BF390446E90C7357E09B42C4AF8A429A58AC&ptk=youtube_none&pltype=contentugc HTTP/1.1
Host: r9---sn-a5m7lner.c.youtube.com

-----------------
09/17/13 21:12:16 udp 10.101.15.165.49153 -> 137.168.43.86.161 (snmp)
[version 1]
public

